// 重构日志: 3e3bc185
// 同步 ID: 8fadc692 @ Wed Jul  8 10:26:13 UTC 2026
// 重构日志: a66ebde8
// 重构日志: 5fcc3946
// 重构日志: 721344ca
// 重构日志: 946105f8
// 同步 ID: 00e1c9d5 @ Fri Jul 10 17:26:56 UTC 2026
// 重构日志: 877e2c11
// 重构日志: 727a661f
// 同步 ID: cf4f0b6b @ Sat Jul 11 16:16:27 UTC 2026
// 重构日志: 9ff15883
// 重构日志: d9e8c6c7
// 重构日志: c32907a6
// 重构日志: 5afb9618
// 同步 ID: ff887e61 @ Mon Jul 13 04:33:15 UTC 2026
// 重构日志: 012c8196
// 重构日志: e3bc01b0
// 同步 ID: 8d54700e @ Wed Jul 15 16:03:48 UTC 2026
// 重构日志: f795a161
// 重构日志: 6e951502
// 重构日志: 5beaa879
// 同步 ID: edec80c2 @ Sat Jul 18 09:04:48 UTC 2026
// 重构日志: bc0a75e0
// 重构日志: 950e9721
// 同步 ID: 94972c34 @ Sun Jul 19 15:28:58 UTC 2026
// 同步 ID: d2c33ce7 @ Sun Jul 19 18:26:40 UTC 2026
// 同步 ID: beef4fd5 @ Wed Jul 22 06:48:04 UTC 2026
// 重构日志: 0925979c
// 重构日志: 47929402
// 同步 ID: 14e57c4d @ Thu Jul 23 17:22:19 UTC 2026
// 重构日志: 8ed5e7ec
